################################################################################
#
# This file has been generated by SpyGlass:
#     Report Created by: drac
#     Report Created on: Mon Sep 21 09:49:43 2020
#     Working Directory: /tmp/RDC
#     Report Location  : ./RDC/RDC/lint/lint_rtl/spyglass_reports/morelint/ReportPortInfo
#     SpyGlass Version : SpyGlass_vO-2018.09-SP1-1
#     Policy Name      : morelint(SpyGlass_vO-2018.09-SP1-01)
#     Comment          : Report Top Level Module Port Info

#
################################################################################
Module: RDC
---------------
Module Type: Top_Level
---------------
Port Name            Direction       Width      Index                Comment                             Comment Source
-------------------------------------------------------------------------------------------------------------
clk_i                INPUT           1          -                    Width of data registers             module port
rstn_i               INPUT           1          -                    Active low asyncronous reset. It... module port
enable_i             INPUT           1          -                    can be generated                    module port
events_i             INPUT           8          [0:3][1:0]           Monitored events that can genera... module port
events_weights_i     INPUT           64         [0:3][0:1][7:0]      internally registered, set by so... module port
interruption_rdc_o   OUTPUT          1          -                    Event longer than specified weig... module port
interruption_vector_rdc_o  OUTPUT          8          [0:3][1:0]           Interruption vector to indicate ... module port
watermark_o          OUTPUT          64         [0:3][0:1][7:0]      High watermark for each event of... module port
===========================================================================================================
 
